<?xml version="1.0" encoding="UTF-8"?>
<testng-results ignored="0" total="1" passed="1" failed="0" skipped="0">
  <reporter-output>
  </reporter-output>
  <suite started-at="2023-08-05T20:51:53 IST" name="Default suite" finished-at="2023-08-05T20:51:56 IST" duration-ms="3073">
    <groups>
    </groups>
    <test started-at="2023-08-05T20:51:53 IST" name="Default test" finished-at="2023-08-05T20:51:56 IST" duration-ms="3073">
      <class name="reusable.ExcelReader">
        <test-method signature="read()[pri:0, instance:reusable.ExcelReader@489115ef]" started-at="2023-08-05T20:51:53 IST" name="read" finished-at="2023-08-05T20:51:56 IST" duration-ms="2791" status="PASS">
          <reporter-output>
          </reporter-output>
        </test-method> <!-- read -->
      </class> <!-- reusable.ExcelReader -->
    </test> <!-- Default test -->
  </suite> <!-- Default suite -->
</testng-results>
